<?xml version="1.0" encoding="UTF-8"?>
<!-- Generated by org.testng.reporters.JUnitXMLReporter -->
<testsuite ignored="0" hostname="DESKTOP-LT9O9K0" failures="2" tests="21" name="Surefire test" time="123.499" errors="0" timestamp="25 May 2021 01:50:24 GMT">
  <testcase classname="com.tripadvisor.tests.CruisesTest" name="verifyCruisesPageTitleTest" time="67.213">
    <failure type="java.lang.AssertionError" message="expected [Cruises - Cheap Cruise Holidays: 2020 Destinations &amp;amp; Ports - Tripadvisor] but found [Cruises - Cheap Cruise Holidays: 2021 Destinations &amp;amp; Ports - Tripadvisor]">
      <![CDATA[java.lang.AssertionError: expected [Cruises - Cheap Cruise Holidays: 2020 Destinations & Ports - Tripadvisor] but found [Cruises - Cheap Cruise Holidays: 2021 Destinations & Ports - Tripadvisor]
at com.tripadvisor.tests.CruisesTest.verifyCruisesPageTitleTest(CruisesTest.java:51)
... Removed 36 stack frames]]>
    </failure>
  </testcase> <!-- verifyCruisesPageTitleTest -->
  <testcase classname="com.tripadvisor.tests.CruisesTest" name="verifySearchNotActivatedTest" time="0.0">
    <skipped/>
  </testcase> <!-- verifySearchNotActivatedTest -->
  <testcase classname="com.tripadvisor.tests.CruisesTest" name="verifyShipDropDownNotActivatedTest" time="0.0">
    <skipped/>
  </testcase> <!-- verifyShipDropDownNotActivatedTest -->
  <testcase classname="com.tripadvisor.tests.CruisesTest" name="verifyCruiseIsSelectedTest" time="0.0">
    <skipped/>
  </testcase> <!-- verifyCruiseIsSelectedTest -->
  <testcase classname="com.tripadvisor.tests.CruisesTest" name="cruiseDetailsTest" time="0.0">
    <skipped/>
  </testcase> <!-- cruiseDetailsTest -->
  <testcase classname="com.tripadvisor.tests.HolidayHomesTest" name="invalidLocationTest" time="13.807">
    <failure type="java.lang.AssertionError" message="Test case failed: stale element reference: element is not attached to the page document
  (Session info: chrome=90.0.4430.212)
For documentation on this error, please visit: https://www.seleniumhq.org/exceptions/stale_element_reference.html
Build info: version: &amp;apos;3.141.59&amp;apos;, revision: &amp;apos;e82be7d358&amp;apos;, time: &amp;apos;2018-11-14T08:17:03&amp;apos;
System info: host: &amp;apos;DESKTOP-LT9O9K0&amp;apos;, ip: &amp;apos;192.168.222.156&amp;apos;, os.name: &amp;apos;Windows 10&amp;apos;, os.arch: &amp;apos;amd64&amp;apos;, os.version: &amp;apos;10.0&amp;apos;, java.version: &amp;apos;15.0.2&amp;apos;
Driver info: org.openqa.selenium.chrome.ChromeDriver
Capabilities {acceptInsecureCerts: false, browserName: chrome, browserVersion: 90.0.4430.212, chrome: {chromedriverVersion: 89.0.4389.23 (61b08ee2c5002..., userDataDir: C:\Users\MAHI\AppData\Local...}, goog:chromeOptions: {debuggerAddress: localhost:64772}, javascriptEnabled: true, networkConnectionEnabled: false, pageLoadStrategy: normal, platform: WINDOWS, platformName: WINDOWS, proxy: Proxy(), setWindowRect: true, strictFileInteractability: false, timeouts: {implicit: 0, pageLoad: 300000, script: 30000}, unhandledPromptBehavior: dismiss and notify, webauthn:extension:largeBlob: true, webauthn:virtualAuthenticators: true}
Session ID: 548ebebc85a5a07b7f8c82998a53749a">
      <![CDATA[java.lang.AssertionError: Test case failed: stale element reference: element is not attached to the page document
  (Session info: chrome=90.0.4430.212)
For documentation on this error, please visit: https://www.seleniumhq.org/exceptions/stale_element_reference.html
Build info: version: '3.141.59', revision: 'e82be7d358', time: '2018-11-14T08:17:03'
System info: host: 'DESKTOP-LT9O9K0', ip: '192.168.222.156', os.name: 'Windows 10', os.arch: 'amd64', os.version: '10.0', java.version: '15.0.2'
Driver info: org.openqa.selenium.chrome.ChromeDriver
Capabilities {acceptInsecureCerts: false, browserName: chrome, browserVersion: 90.0.4430.212, chrome: {chromedriverVersion: 89.0.4389.23 (61b08ee2c5002..., userDataDir: C:\Users\MAHI\AppData\Local...}, goog:chromeOptions: {debuggerAddress: localhost:64772}, javascriptEnabled: true, networkConnectionEnabled: false, pageLoadStrategy: normal, platform: WINDOWS, platformName: WINDOWS, proxy: Proxy(), setWindowRect: true, strictFileInteractability: false, timeouts: {implicit: 0, pageLoad: 300000, script: 30000}, unhandledPromptBehavior: dismiss and notify, webauthn:extension:largeBlob: true, webauthn:virtualAuthenticators: true}
Session ID: 548ebebc85a5a07b7f8c82998a53749a
at com.tripadvisor.base.BaseUI.reportFail(BaseUI.java:304)
at com.tripadvisor.base.BaseUI.sendText(BaseUI.java:166)
at com.tripadvisor.pages.HomePage.searchHolidayHomesLocation(HomePage.java:39)
at com.tripadvisor.tests.HolidayHomesTest.invalidLocationTest(HolidayHomesTest.java:40)
... Removed 31 stack frames]]>
    </failure>
  </testcase> <!-- invalidLocationTest -->
  <testcase classname="com.tripadvisor.tests.HolidayHomesTest" name="verifySearchLocationTitleTest" time="0.0">
    <skipped/>
  </testcase> <!-- verifySearchLocationTitleTest -->
  <testcase classname="com.tripadvisor.tests.HolidayHomesTest" name="holidayHomesTest" time="0.0">
    <skipped/>
  </testcase> <!-- holidayHomesTest -->
  <testcase classname="com.tripadvisor.tests.HolidayHomesTest" name="verifyBookNowTest" time="0.0">
    <skipped/>
  </testcase> <!-- verifyBookNowTest -->
  <testcase classname="com.tripadvisor.tests.HolidayHomesTest" name="verifyHotelCheckInTest" time="0.0">
    <skipped/>
  </testcase> <!-- verifyHotelCheckInTest -->
  <testcase classname="com.tripadvisor.tests.HolidayHomesTest" name="verifyHotelCheckOutTest" time="0.0">
    <skipped/>
  </testcase> <!-- verifyHotelCheckOutTest -->
  <testcase classname="com.tripadvisor.tests.HolidayHomesTest" name="verifyHotelGuestsTest" time="0.0">
    <skipped/>
  </testcase> <!-- verifyHotelGuestsTest -->
  <testcase classname="com.tripadvisor.tests.HolidayHomesTest" name="verifyHotelElevatorTest" time="0.0">
    <skipped/>
  </testcase> <!-- verifyHotelElevatorTest -->
  <testcase classname="com.tripadvisor.tests.HolidayHomesTest" name="clearAllFiltersTest" time="0.0">
    <skipped/>
  </testcase> <!-- clearAllFiltersTest -->
  <testcase classname="com.tripadvisor.tests.HolidayHomesTest" name="showPricesButtonTest" time="0.0">
    <skipped/>
  </testcase> <!-- showPricesButtonTest -->
  <testcase classname="com.tripadvisor.tests.HolidayHomesTest" name="bookNowButtonTest" time="0.0">
    <skipped/>
  </testcase> <!-- bookNowButtonTest -->
  <testcase classname="com.tripadvisor.tests.HolidayHomesTest" name="verifyCheckInSelectedTest" time="0.0">
    <skipped/>
  </testcase> <!-- verifyCheckInSelectedTest -->
  <testcase classname="com.tripadvisor.tests.HolidayHomesTest" name="verifyCheckOutSelectedTest" time="0.0">
    <skipped/>
  </testcase> <!-- verifyCheckOutSelectedTest -->
  <testcase classname="com.tripadvisor.tests.HolidayHomesTest" name="verifyCheckInOutFilterTest" time="0.0">
    <skipped/>
  </testcase> <!-- verifyCheckInOutFilterTest -->
  <testcase classname="com.tripadvisor.tests.HolidayHomesTest" name="verifyElevatorFilterAppliedTest" time="0.0">
    <skipped/>
  </testcase> <!-- verifyElevatorFilterAppliedTest -->
  <testcase classname="com.tripadvisor.tests.HolidayHomesTest" name="verifyPastDateNotSelectedTest" time="0.0">
    <skipped/>
  </testcase> <!-- verifyPastDateNotSelectedTest -->
</testsuite> <!-- Surefire test -->
